<?xml version="1.0" encoding="UTF-8"?>
<testng-results skipped="0" failed="0" total="1" passed="1">
  <reporter-output>
  </reporter-output>
  <suite name="Default suite" duration-ms="39" started-at="2016-08-09T01:59:44Z" finished-at="2016-08-09T01:59:44Z">
    <groups>
    </groups>
    <test name="Default test" duration-ms="39" started-at="2016-08-09T01:59:44Z" finished-at="2016-08-09T01:59:44Z">
      <class name="com.msun.stream.classes.FileClassTest">
        <test-method status="PASS" signature="judge()[pri:0, instance:com.msun.stream.classes.FileClassTest@3c1a1399]" name="judge" duration-ms="22" started-at="2016-08-09T09:59:44Z" finished-at="2016-08-09T09:59:44Z">
          <reporter-output>
          </reporter-output>
        </test-method> <!-- judge -->
      </class> <!-- com.msun.stream.classes.FileClassTest -->
    </test> <!-- Default test -->
  </suite> <!-- Default suite -->
</testng-results>
